<?xml version="1.0" encoding="UTF-8"?>
<!-- Generated by org.testng.reporters.JUnitReportReporter -->
<testsuite hostname="DESKTOP-S9B3AC5" failures="0" tests="4" name="testNGBaseClass.LoginTest2" time="39.284" errors="0" timestamp="2023-03-07T14:41:32 IST" skipped="0">
  <testcase classname="testNGBaseClass.LoginTest2" name="logintesting" time="10.636"/>
  <system-out/>
  <testcase classname="testNGBaseClass.LoginTest2" name="logintesting" time="9.547"/>
  <system-out/>
  <testcase classname="testNGBaseClass.LoginTest2" name="logintesting" time="6.714"/>
  <system-out/>
  <testcase classname="testNGBaseClass.LoginTest2" name="logintesting" time="12.387"/>
  <system-out/>
</testsuite> <!-- testNGBaseClass.LoginTest2 -->
