<?xml version="1.0" encoding="UTF-8"?>
<!-- Generated by org.testng.reporters.JUnitReportReporter -->
<testsuite hostname="DESKTOP-S9B3AC5" failures="0" tests="4" name="testNGBaseClass.LoginTest" time="44.932" errors="0" timestamp="2023-03-07T14:19:32 IST" skipped="0">
  <testcase classname="testNGBaseClass.LoginTest" name="loginclick" time="13.057"/>
  <system-out/>
  <testcase classname="testNGBaseClass.LoginTest" name="loginclick" time="8.259"/>
  <system-out/>
  <testcase classname="testNGBaseClass.LoginTest" name="loginclick" time="7.312"/>
  <system-out/>
  <testcase classname="testNGBaseClass.LoginTest" name="loginclick" time="16.304"/>
  <system-out/>
</testsuite> <!-- testNGBaseClass.LoginTest -->
