<?xml version="1.0" encoding="UTF-8"?>
<!-- Generated by org.testng.reporters.JUnitReportReporter -->
<testsuite hostname="DESKTOP-S9B3AC5" failures="0" tests="4" name="testNGBaseClass.DataProviders" time="0.045" errors="0" timestamp="2023-03-07T13:50:31 IST" skipped="0">
  <testcase classname="testNGBaseClass.DataProviders" name="testingwithusernames" time="0.006"/>
  <system-out/>
  <testcase classname="testNGBaseClass.DataProviders" name="testingwithusernames" time="0.019"/>
  <system-out/>
  <testcase classname="testNGBaseClass.DataProviders" name="testingwithusernames2" time="0.008"/>
  <system-out/>
  <testcase classname="testNGBaseClass.DataProviders" name="testingwithusernames2" time="0.012"/>
  <system-out/>
</testsuite> <!-- testNGBaseClass.DataProviders -->
